INFO    : PreTeXt project found in `/home/sjgraves/Documents/algorithms-book`.
WARNING : Using CLI version 2.3.6 but project's `requirements.txt`
WARNING : is configured to use 1.4.0. Consider either installing
WARNING : CLI version 1.4.0 or running `pretext init --refresh`
WARNING : to update `requirements.txt` to match 2.3.6.
DEBUG   : Building target html with root of tree below None
DEBUG   : XML syntax appears well formed.
DEBUG   : XML syntax appears well formed.
DEBUG   : PreTeXt document did not pass schema validation; unexpected output may result. See .error_schema.log for hints.  Continuing with build.
DEBUG   : Source does not contain webwork problems
DEBUG   : Assets generation requested for: ['webwork', 'latex-image', 'sageplot', 'asymptote', 'youtube', 'codelens', 'datafile', 'interactive'].
DEBUG   : Based on format html, assets to be generated are: ['webwork', 'latex-image', 'sageplot', 'asymptote', 'codelens', 'datafile'].
DEBUG   : Starting asset table: {'latex-image': {'img-smallnetwork': b'Lu\xfc\x98#\xf1:\x92\x97y>\xf7I\rE\xa0X\xcb^\xb3\x8b\x9c4E\xd9f\xf9t\xecf\xb8\xe6', 'img-stackedpermproduct': b'6\xea&CKd\xa9\xdf\xe5y\xf3\x8c\x01/\x85\xa6\x89\xe4d\xeaz\xe58Qc\xf2g\xe5\xc4\x87h\xf1', 'img-permprod-noncomm': b'\x903\x90\\q\x95A\xbdL\xb0\x14\x83\xae\xdb#v\xc8 Hf\x9b\x01X\x0f\x87\xf2z\xf5\xff\x81\x7f\xa3', 'img-playfair_grid': b'\xca\x83\xe5\x1dB3`\x06I\xea\x8b3\x05\x8d\x97\xb0-o\n\xf9N\xaa\xcc\xd8w\xce\xcd\x16\x14\x8b6\x1c', 'img-playfair-boxed': b'^7a8R\xe52\x07OAO\xed/P\tKXrq}\x8e\x83\x98&\x0b\x00A>i\xddd\xcc', 'img-petersen_graph': b'"\xbf\x9a >\x82z\xd5#\xe0Q\xcbD\xcbR9\xcd\xe9Fo\x7fw\x85\x97\xbdY\x18,\'S\xd6\x81', 'img-petersen_subgraph': b'\x19\xbc4\xfch\xf46\xea\xdec6\xf50bI>]^\x1eS\x1f*\x14\xc1\x8e\xaa\x03h\x08B\xfa\x04', 'img-petersen_cycle': b'\x80\xcd\xad\xacOF\xbb\xddxD\xe9\x9c+\xfav\x1d#\x0b\xd9\x82\xa2.k\xb3ws\xfc<\x19\xf9\xfaN', 'img-weighted_kruskal': b'\x86\t\xcd\x08eh\xe3?\x84\xa1\xf9\x02\xb3r\xe4\x97 \x13k\xb6\x1a\x15a\xf3o\xe5\xd9"\xb5}\xb4\xc9', 'img-weighted_kruskal_mst': b'\xde\xe8\xb3\xe1o~K|\xc1W+kW]\xc2\x0e}|dk\xc1\xcc\xa2\x83\x9f\xbc\xacQ\x80\x19/-', 'img-graph_dijkstra_initial': b'\xe91\xe5\xc8\x8a\xeb\x9at\x82T\xc7\xf6I\x81.aX\x0e\x0c:M\xda\xfb\xd4\xb2{0\xde\x8b\xba\x84\xc2', 'forwardflow': b's\xde\xc0?\x15~\xae\xa8\xb1U6M\x0f\xc3\xa0~\xc1+\x86\xb2\x82 Q\xfa\xe4\x06\xd0\xeb\xc3H\x14=', 'backflow': b'\xa4\x04\xfc\xcc\xac\xba\x13o\x19\xb1U\x86Ix\xceF\x1c\x80\xc6\xc5\x88Tc4\x8b\x00\x8e\xb0s\x94\x08\xeb'}}
DEBUG   : Based on what is in your source, the assets that will be considered are ['latex-image'].
DEBUG   : Assets to be regenerated: all: ['latex-image'], partial: []
DEBUG   : Assets to be generated: {'latex-image': [None]}
DEBUG   : Generating latex-image assets for None
INFO    : converting latex-image pictures from /home/sjgraves/Documents/algorithms-book/source/aam-main.ptx to svg graphics for placement in /home/sjgraves/Documents/algorithms-book/generated-assets/latex-image
DEBUG   : temporary directory for latex-image conversion: /tmp/tmpri3tze5i
INFO    : extracting latex-image pictures from /home/sjgraves/Documents/algorithms-book/source/aam-main.ptx
INFO    : string parameters passed to extraction stylesheet: {'publisher': '/home/sjgraves/Documents/algorithms-book/publication/publication.ptx'}
INFO    : discovering source file's directory name: /home/sjgraves/Documents/algorithms-book/source
INFO    : verifying and expanding input directory: /home/sjgraves/Documents/algorithms-book/source/../generated-assets
INFO    : input directory expanded to absolute path: /home/sjgraves/Documents/algorithms-book/generated-assets
INFO    : verifying and expanding input directory: /home/sjgraves/Documents/algorithms-book/source/../assets
INFO    : input directory expanded to absolute path: /home/sjgraves/Documents/algorithms-book/assets
INFO    : XSL conversion of /home/sjgraves/Documents/algorithms-book/source/aam-main.ptx by /home/sjgraves/.ptx/xsl/extract-latex-image.xsl
DEBUG   : XSL conversion via /home/sjgraves/.ptx/xsl/extract-latex-image.xsl of /home/sjgraves/Documents/algorithms-book/source/aam-main.ptx to None and/or into directory /tmp/tmpri3tze5i with parameters {'publisher': '/home/sjgraves/Documents/algorithms-book/publication/publication.ptx'}
INFO    : comprehensive messages, warnings, and errors:
INFO    : successful application of /home/sjgraves/.ptx/xsl/extract-latex-image.xsl
DEBUG   : Now working in directory /tmp/tmpri3tze5i
DEBUG   : locating "xelatex" in [executables] section of configuration file
DEBUG   : xelatex executable: xelatex, options: 
DEBUG   : tex executable: xelatex
INFO    : converting img-weighted_kruskal.tex to img-weighted_kruskal.pdf
INFO    : cropping img-weighted_kruskal.pdf to cropped-img-weighted_kruskal.pdf
INFO    : renaming cropped-img-weighted_kruskal.pdf to img-weighted_kruskal.pdf
DEBUG   : locating "pdfsvg" in [executables] section of configuration file
DEBUG   : pdfsvg executable: pdf2svg, options: 
DEBUG   : pdfsvg executable: pdf2svg
INFO    : converting img-weighted_kruskal.pdf to img-weighted_kruskal.svg
DEBUG   : locating "xelatex" in [executables] section of configuration file
DEBUG   : xelatex executable: xelatex, options: 
DEBUG   : tex executable: xelatex
INFO    : converting img-petersen_graph.tex to img-petersen_graph.pdf
INFO    : cropping img-petersen_graph.pdf to cropped-img-petersen_graph.pdf
INFO    : renaming cropped-img-petersen_graph.pdf to img-petersen_graph.pdf
DEBUG   : locating "pdfsvg" in [executables] section of configuration file
DEBUG   : pdfsvg executable: pdf2svg, options: 
DEBUG   : pdfsvg executable: pdf2svg
INFO    : converting img-petersen_graph.pdf to img-petersen_graph.svg
DEBUG   : locating "xelatex" in [executables] section of configuration file
DEBUG   : xelatex executable: xelatex, options: 
DEBUG   : tex executable: xelatex
INFO    : converting img-smallnetwork.tex to img-smallnetwork.pdf
INFO    : cropping img-smallnetwork.pdf to cropped-img-smallnetwork.pdf
INFO    : renaming cropped-img-smallnetwork.pdf to img-smallnetwork.pdf
DEBUG   : locating "pdfsvg" in [executables] section of configuration file
DEBUG   : pdfsvg executable: pdf2svg, options: 
DEBUG   : pdfsvg executable: pdf2svg
INFO    : converting img-smallnetwork.pdf to img-smallnetwork.svg
DEBUG   : locating "xelatex" in [executables] section of configuration file
DEBUG   : xelatex executable: xelatex, options: 
DEBUG   : tex executable: xelatex
INFO    : converting backflow.tex to backflow.pdf
INFO    : cropping backflow.pdf to cropped-backflow.pdf
INFO    : renaming cropped-backflow.pdf to backflow.pdf
DEBUG   : locating "pdfsvg" in [executables] section of configuration file
DEBUG   : pdfsvg executable: pdf2svg, options: 
DEBUG   : pdfsvg executable: pdf2svg
INFO    : converting backflow.pdf to backflow.svg
DEBUG   : locating "xelatex" in [executables] section of configuration file
DEBUG   : xelatex executable: xelatex, options: 
DEBUG   : tex executable: xelatex
INFO    : converting img-petersen_subgraph.tex to img-petersen_subgraph.pdf
INFO    : cropping img-petersen_subgraph.pdf to cropped-img-petersen_subgraph.pdf
INFO    : renaming cropped-img-petersen_subgraph.pdf to img-petersen_subgraph.pdf
DEBUG   : locating "pdfsvg" in [executables] section of configuration file
DEBUG   : pdfsvg executable: pdf2svg, options: 
DEBUG   : pdfsvg executable: pdf2svg
INFO    : converting img-petersen_subgraph.pdf to img-petersen_subgraph.svg
DEBUG   : locating "xelatex" in [executables] section of configuration file
DEBUG   : xelatex executable: xelatex, options: 
DEBUG   : tex executable: xelatex
INFO    : converting forwardflow.tex to forwardflow.pdf
INFO    : cropping forwardflow.pdf to cropped-forwardflow.pdf
INFO    : renaming cropped-forwardflow.pdf to forwardflow.pdf
DEBUG   : locating "pdfsvg" in [executables] section of configuration file
DEBUG   : pdfsvg executable: pdf2svg, options: 
DEBUG   : pdfsvg executable: pdf2svg
INFO    : converting forwardflow.pdf to forwardflow.svg
DEBUG   : locating "xelatex" in [executables] section of configuration file
DEBUG   : xelatex executable: xelatex, options: 
DEBUG   : tex executable: xelatex
INFO    : converting img-stackedpermproduct.tex to img-stackedpermproduct.pdf
INFO    : cropping img-stackedpermproduct.pdf to cropped-img-stackedpermproduct.pdf
INFO    : renaming cropped-img-stackedpermproduct.pdf to img-stackedpermproduct.pdf
DEBUG   : locating "pdfsvg" in [executables] section of configuration file
DEBUG   : pdfsvg executable: pdf2svg, options: 
DEBUG   : pdfsvg executable: pdf2svg
INFO    : converting img-stackedpermproduct.pdf to img-stackedpermproduct.svg
DEBUG   : locating "xelatex" in [executables] section of configuration file
DEBUG   : xelatex executable: xelatex, options: 
DEBUG   : tex executable: xelatex
INFO    : converting img-weighted_kruskal_mst.tex to img-weighted_kruskal_mst.pdf
INFO    : cropping img-weighted_kruskal_mst.pdf to cropped-img-weighted_kruskal_mst.pdf
INFO    : renaming cropped-img-weighted_kruskal_mst.pdf to img-weighted_kruskal_mst.pdf
DEBUG   : locating "pdfsvg" in [executables] section of configuration file
DEBUG   : pdfsvg executable: pdf2svg, options: 
DEBUG   : pdfsvg executable: pdf2svg
INFO    : converting img-weighted_kruskal_mst.pdf to img-weighted_kruskal_mst.svg
DEBUG   : locating "xelatex" in [executables] section of configuration file
DEBUG   : xelatex executable: xelatex, options: 
DEBUG   : tex executable: xelatex
INFO    : converting img-graph_dijkstra_initial.tex to img-graph_dijkstra_initial.pdf
INFO    : cropping img-graph_dijkstra_initial.pdf to cropped-img-graph_dijkstra_initial.pdf
INFO    : renaming cropped-img-graph_dijkstra_initial.pdf to img-graph_dijkstra_initial.pdf
DEBUG   : locating "pdfsvg" in [executables] section of configuration file
DEBUG   : pdfsvg executable: pdf2svg, options: 
DEBUG   : pdfsvg executable: pdf2svg
INFO    : converting img-graph_dijkstra_initial.pdf to img-graph_dijkstra_initial.svg
DEBUG   : locating "xelatex" in [executables] section of configuration file
DEBUG   : xelatex executable: xelatex, options: 
DEBUG   : tex executable: xelatex
INFO    : converting img-permprod-noncomm.tex to img-permprod-noncomm.pdf
INFO    : cropping img-permprod-noncomm.pdf to cropped-img-permprod-noncomm.pdf
INFO    : renaming cropped-img-permprod-noncomm.pdf to img-permprod-noncomm.pdf
DEBUG   : locating "pdfsvg" in [executables] section of configuration file
DEBUG   : pdfsvg executable: pdf2svg, options: 
DEBUG   : pdfsvg executable: pdf2svg
INFO    : converting img-permprod-noncomm.pdf to img-permprod-noncomm.svg
DEBUG   : locating "xelatex" in [executables] section of configuration file
DEBUG   : xelatex executable: xelatex, options: 
DEBUG   : tex executable: xelatex
INFO    : converting img-petersen_cycle.tex to img-petersen_cycle.pdf
INFO    : cropping img-petersen_cycle.pdf to cropped-img-petersen_cycle.pdf
INFO    : renaming cropped-img-petersen_cycle.pdf to img-petersen_cycle.pdf
DEBUG   : locating "pdfsvg" in [executables] section of configuration file
DEBUG   : pdfsvg executable: pdf2svg, options: 
DEBUG   : pdfsvg executable: pdf2svg
INFO    : converting img-petersen_cycle.pdf to img-petersen_cycle.svg
DEBUG   : locating "xelatex" in [executables] section of configuration file
DEBUG   : xelatex executable: xelatex, options: 
DEBUG   : tex executable: xelatex
INFO    : converting img-playfair_grid.tex to img-playfair_grid.pdf
INFO    : cropping img-playfair_grid.pdf to cropped-img-playfair_grid.pdf
INFO    : renaming cropped-img-playfair_grid.pdf to img-playfair_grid.pdf
DEBUG   : locating "pdfsvg" in [executables] section of configuration file
DEBUG   : pdfsvg executable: pdf2svg, options: 
DEBUG   : pdfsvg executable: pdf2svg
INFO    : converting img-playfair_grid.pdf to img-playfair_grid.svg
DEBUG   : locating "xelatex" in [executables] section of configuration file
DEBUG   : xelatex executable: xelatex, options: 
DEBUG   : tex executable: xelatex
INFO    : converting img-playfair-boxed.tex to img-playfair-boxed.pdf
INFO    : cropping img-playfair-boxed.pdf to cropped-img-playfair-boxed.pdf
INFO    : renaming cropped-img-playfair-boxed.pdf to img-playfair-boxed.pdf
DEBUG   : locating "pdfsvg" in [executables] section of configuration file
DEBUG   : pdfsvg executable: pdf2svg, options: 
DEBUG   : pdfsvg executable: pdf2svg
INFO    : converting img-playfair-boxed.pdf to img-playfair-boxed.svg
DEBUG   : Successfully changed directory back to /home/sjgraves/Documents/algorithms-book
DEBUG   : Temporary directories left behind for inspection: ['/tmp/tmpri3tze5i']
DEBUG   : Updated these assets successfully: [('latex-image', None)]
DEBUG   : Ensuring output directory for html: /home/sjgraves/Documents/algorithms-book/output/html
INFO    : Preparing to build into /home/sjgraves/Documents/algorithms-book/output/html.
INFO    : discovering source file's directory name: /home/sjgraves/Documents/algorithms-book/source
INFO    : verifying and expanding input directory: /home/sjgraves/Documents/algorithms-book/source/../generated-assets
INFO    : input directory expanded to absolute path: /home/sjgraves/Documents/algorithms-book/generated-assets
INFO    : verifying and expanding input directory: /home/sjgraves/Documents/algorithms-book/source/../assets
INFO    : input directory expanded to absolute path: /home/sjgraves/Documents/algorithms-book/assets
INFO    : Runestone Services (via PreTeXt repository): version 7.2.9
INFO    : Runestone Services (using newer, via online CDN query): version 7.2.11
INFO    : converting /home/sjgraves/Documents/algorithms-book/source/aam-main.ptx to HTML in /tmp/tmpt5eavvq7
INFO    : XSL conversion of /home/sjgraves/Documents/algorithms-book/source/aam-main.ptx by /home/sjgraves/.ptx/xsl/pretext-html.xsl
DEBUG   : XSL conversion via /home/sjgraves/.ptx/xsl/pretext-html.xsl of /home/sjgraves/Documents/algorithms-book/source/aam-main.ptx to None and/or into directory /tmp/tmpt5eavvq7 with parameters {'altrs-js': 'prefix-runtime.2438a8bdd6d43b5c.bundle.js:prefix-347.8328b60515045466.bundle.js:prefix-runestone.aeac7cf9ad5c07ef.bundle.js', 'altrs-css': 'prefix-347.f9add1ca35d5ad93.css:prefix-runestone.f64dcc3632d7a0c3.css', 'altrs-cdn-url': 'https://runestone.academy/cdn/runestone/', 'altrs-version': '7.2.11', 'publisher': '/home/sjgraves/Documents/algorithms-book/publication/publication.ptx'}
INFO    : comprehensive messages, warnings, and errors:
INFO    :     * PTX:DEPRECATE: (2022-04-25) a "@label" attribute (on a "ul" or "ol" element) has been deprecated and should be replaced by the functionally equivalent "@marker".  We will attempt to honor your request (1 time)
INFO    :     *              located within: "gfdl-section4" (xml:id), "4. MODIFICATIONS" (title)
INFO    :     * --------------
INFO    :     * PTX:DEPRECATE: (2023-08-28) the "prompt" element of a "console" has been deprecated.  In its place, an "input" can have a @prompt attribute, or you can place a session-wide (not document-wide) @prompt attribute on the "console" element.  Until then, we will try to honor your intent. (86 times)
INFO    :     *              located within: "list-instantiating_ints" (xml:id)
INFO    :     *              located within: "tech-instantiation" (xml:id), "Python object instantiation" (title)
INFO    :     *              located within: "list-argument_lists" (xml:id)
INFO    :     *              located within: "list-argument_lists" (xml:id)
INFO    :     *              located within: "list-argument_lists" (xml:id)
INFO    :     *              located within: "list-argument_lists" (xml:id)
INFO    :     *              located within: "list-argument_lists" (xml:id)
INFO    :     *              located within: "list-argument_lists" (xml:id)
INFO    :     *              located within: "list-argument_lists" (xml:id)
INFO    :     *              located within: "list-dict-keys_values_items" (xml:id)
INFO    :     *              located within: "list-dict-keys_values_items" (xml:id)
INFO    :     *              located within: "list-dict-keys_values_items" (xml:id)
INFO    :     *              located within: "list-dict-keys_values_items" (xml:id)
INFO    :     *              located within: "list-dict-keys_values_items" (xml:id)
INFO    :     *              located within: "list-dict-keys_values_items" (xml:id)
INFO    :     *              located within: "list-dict-keys_values_items" (xml:id)
INFO    :     *              located within: "list-min-max" (xml:id)
INFO    :     *              located within: "list-min-max" (xml:id)
INFO    :     *              located within: "list-sorted" (xml:id)
INFO    :     *              located within: "exmp-breaking_simple_substitution" (xml:id), "Breaking a simple substitution by frequency analysis" (title)
INFO    :     *              located within: "exmp-elem_row_ops" (xml:id), "Examples of the elementary row operations" (title)
INFO    :     *              located within: "list-starting_idle" (xml:id)
INFO    :     *              located within: "sub-intro-idle-interactivemode" (xml:id), "Interactive Mode" (title)
INFO    :     *              located within: "tech-quitting-python" (xml:id), "Quitting Python" (title)
INFO    :     *              located within: "list-hello_world_output" (xml:id)
INFO    :     *              located within: "tech-help" (xml:id), "The help command" (title)
INFO    :     *              located within: "lst-assign_vs_equals" (xml:id)
INFO    :     *              located within: "lst-assign_vs_equals" (xml:id)
INFO    :     *              located within: "lst-assign_vs_equals" (xml:id)
INFO    :     *              located within: "list-import_math" (xml:id)
INFO    :     *              located within: "list-import_math" (xml:id)
INFO    :     *              located within: "list-integer_bools" (xml:id)
INFO    :     *              located within: "list-integer_bools" (xml:id)
INFO    :     *              located within: "list-valid_strings" (xml:id)
INFO    :     *              located within: "list-valid_strings" (xml:id)
INFO    :     *              located within: "list-valid_strings" (xml:id)
INFO    :     *              located within: "list-valid_strings" (xml:id)
INFO    :     *              located within: "list-valid_strings" (xml:id)
INFO    :     *              located within: "list-valid_strings" (xml:id)
INFO    :     *              located within: "list-valid_strings" (xml:id)
INFO    :     *              located within: "list-valid_strings" (xml:id)
INFO    :     *              located within: "list-valid_strings" (xml:id)
INFO    :     *              located within: "list-string-mod" (xml:id)
INFO    :     *              located within: "list-string-mod" (xml:id)
INFO    :     *              located within: "list-string-mod" (xml:id)
INFO    :     *              located within: "list-string-dot-format" (xml:id)
INFO    :     *              located within: "list-string-dot-format" (xml:id)
INFO    :     *              located within: "list-string-dot-format" (xml:id)
INFO    :     *              located within: "list-string-dot-format" (xml:id)
INFO    :     *              located within: "list-fstring" (xml:id)
INFO    :     *              located within: "list-fstring" (xml:id)
INFO    :     *              located within: "list-fstring" (xml:id)
INFO    :     *              located within: "list-fstring" (xml:id)
INFO    :     *              located within: "list-fstring" (xml:id)
INFO    :     *              located within: "list-lists" (xml:id)
INFO    :     *              located within: "list-lists" (xml:id)
INFO    :     *              located within: "list-lists" (xml:id)
INFO    :     *              located within: "list-lists" (xml:id)
INFO    :     *              located within: "subsub-intro-containers-lists-slices" (xml:id), "Indexing and slicing" (title)
INFO    :     *              located within: "subsub-intro-containers-lists-slices" (xml:id), "Indexing and slicing" (title)
INFO    :     *              located within: "subsub-intro-containers-lists-slices" (xml:id), "Indexing and slicing" (title)
INFO    :     *              located within: "subsub-intro-containers-lists-slices" (xml:id), "Indexing and slicing" (title)
INFO    :     *              located within: "subsub-intro-containers-lists-slices" (xml:id), "Indexing and slicing" (title)
INFO    :     *              located within: "subsub-intro-containers-lists-slices" (xml:id), "Indexing and slicing" (title)
INFO    :     *              located within: "subsub-intro-containers-lists-slices" (xml:id), "Indexing and slicing" (title)
INFO    :     *              located within: "subsub-intro-containers-lists-slices" (xml:id), "Indexing and slicing" (title)
INFO    :     *              located within: "subsub-intro-containers-lists-slices" (xml:id), "Indexing and slicing" (title)
INFO    :     *              located within: "subsub-intro-containers-lists-slices" (xml:id), "Indexing and slicing" (title)
INFO    :     *              located within: "subsub-intro-containers-lists-ops_meths" (xml:id), "Operators and methods" (title)
INFO    :     *              located within: "subsub-intro-containers-lists-ops_meths" (xml:id), "Operators and methods" (title)
INFO    :     *              located within: "list-defining-sets" (xml:id)
INFO    :     *              located within: "list-defining-sets" (xml:id)
INFO    :     *              located within: "list-defining-sets" (xml:id)
INFO    :     *              located within: "tech-rangefunction" (xml:id), "The range function" (title)
INFO    :     *              located within: "tech-rangefunction" (xml:id), "The range function" (title)
INFO    :     *              located within: "tech-rangefunction" (xml:id), "The range function" (title)
INFO    :     *              located within: "tech-rangefunction" (xml:id), "The range function" (title)
INFO    :     *              located within: "list-syntaxerror" (xml:id)
INFO    :     *              located within: "list-syntaxerror" (xml:id)
INFO    :     *              located within: "list-indexerror" (xml:id)
INFO    :     *              located within: "list-indexerror" (xml:id)
INFO    :     *              located within: "list-indexerror" (xml:id)
INFO    :     *              located within: "list-keyerror" (xml:id)
INFO    :     *              located within: "list-keyerror" (xml:id)
INFO    :     *              located within: "list-keyerror" (xml:id)
INFO    :     *              located within: "list-typeerror" (xml:id)
INFO    :     * --------------
INFO    : successful application of /home/sjgraves/.ptx/xsl/pretext-html.xsl
INFO    : 
Success! Run `pretext view` to see the results.

